<?xml version="1.0" encoding="UTF-8" ?>
<testsuite tests="4" failures="0" name="com.codenotfound.jms.ptp.ConsumerTest" time="2.154" errors="0" skipped="0">
  <properties>
[...]
</properties>
  <testcase classname="com.codenotfound.jms.ptp.ConsumerTest" name="testOnlyOneConsumer" time="2.048"/>
  <testcase classname="com.codenotfound.jms.ptp.ConsumerTest" name="testNoTimingDependencies" time="0.049"/>
  <testcase classname="com.codenotfound.jms.ptp.ConsumerTest" name="testAcknowledgeProcessing" time="0.03"/>
  <testcase classname="com.codenotfound.jms.ptp.ConsumerTest" name="testGetGreeting" time="0.027"/>
</testsuite>